2019-07-29 19:25:59.767 [main] o.s.boot.StartupInfoLogger:50   INFO  - Starting Application on XZ-133BKH459LTG with PID 18988 (E:\springbootProject\calvinye-usermanagement\target\classes started by Calvin Ye in E:\springbootProject\calvinye-usermanagement)
2019-07-29 19:25:59.770 [main] o.s.boot.StartupInfoLogger:53   DEBUG - Running with Spring Boot v2.1.6.RELEASE, Spring v5.1.8.RELEASE
2019-07-29 19:25:59.770 [main] o.s.boot.SpringApplication:646  INFO  - No active profile set, falling back to default profiles: default
2019-07-29 19:26:01.364 [main] o.s.boot.StartupInfoLogger:59   INFO  - Started Application in 1.805 seconds (JVM running for 4.819)
2019-07-29 19:26:17.834 [http-nio-8080-exec-1] o.a.i.l.jdbc.BaseJdbcLogger:159  DEBUG - ==>  Preparing: SELECT * FROM calvin_user WHERE email=? 
2019-07-29 19:26:17.850 [http-nio-8080-exec-1] o.a.i.l.jdbc.BaseJdbcLogger:159  DEBUG - ==> Parameters: example@etekcity.com.cn(String)
2019-07-29 19:26:17.865 [http-nio-8080-exec-1] o.a.i.l.jdbc.BaseJdbcLogger:159  DEBUG - <==      Total: 1
2019-07-29 19:26:26.090 [http-nio-8080-exec-3] o.a.i.l.jdbc.BaseJdbcLogger:159  DEBUG - ==>  Preparing: SELECT * FROM calvin_user WHERE email=? 
2019-07-29 19:26:26.090 [http-nio-8080-exec-3] o.a.i.l.jdbc.BaseJdbcLogger:159  DEBUG - ==> Parameters: exampl1e@etekcity.com.cn(String)
2019-07-29 19:26:26.091 [http-nio-8080-exec-3] o.a.i.l.jdbc.BaseJdbcLogger:159  DEBUG - <==      Total: 0
2019-07-29 19:26:26.274 [http-nio-8080-exec-3] o.a.i.l.jdbc.BaseJdbcLogger:159  DEBUG - ==>  Preparing: INSERT INTO calvin_user(user_id, email, password, create_at, update_at) VALUES(?, ?, ?, ?, ?) 
2019-07-29 19:26:26.275 [http-nio-8080-exec-3] o.a.i.l.jdbc.BaseJdbcLogger:159  DEBUG - ==> Parameters: 874fd257-7c6b-46f0-b123-0841fd7a0524(String), exampl1e@etekcity.com.cn(String), pbkdf2_sha256$1000$U1Zu7SG4O3cR$5k0gdFrt7c4de/lD0Nvrvvn7h/db+ZBXQ4isWy+AKck=(String), 2019-07-29T19:26:26+0800(String), 2019-07-29T19:26:26+0800(String)
2019-07-29 19:26:26.338 [http-nio-8080-exec-3] o.a.i.l.jdbc.BaseJdbcLogger:159  DEBUG - <==    Updates: 1
2019-07-29 19:26:47.318 [http-nio-8080-exec-4] o.a.i.l.jdbc.BaseJdbcLogger:159  DEBUG - ==>  Preparing: SELECT * FROM calvin_user WHERE email=? 
2019-07-29 19:26:47.318 [http-nio-8080-exec-4] o.a.i.l.jdbc.BaseJdbcLogger:159  DEBUG - ==> Parameters: null
2019-07-29 19:26:47.319 [http-nio-8080-exec-4] o.a.i.l.jdbc.BaseJdbcLogger:159  DEBUG - <==      Total: 0
2019-07-29 19:26:47.324 [http-nio-8080-exec-4] o.a.i.l.jdbc.BaseJdbcLogger:159  DEBUG - ==>  Preparing: INSERT INTO calvin_user(user_id, email, password, create_at, update_at) VALUES(?, ?, ?, ?, ?) 
2019-07-29 19:26:47.325 [http-nio-8080-exec-4] o.a.i.l.jdbc.BaseJdbcLogger:159  DEBUG - ==> Parameters: 38ac1f90-89f4-4f1d-b2c1-f4b212b92250(String), null, pbkdf2_sha256$1000$4DZcGM9OO5QP$/G3vk80M44zmGEZA+xCM9BCyD3d03Ds35aJO/tQo4yQ=(String), 2019-07-29T19:26:47+0800(String), 2019-07-29T19:26:47+0800(String)
2019-07-29 19:27:58.628 [main] o.s.boot.StartupInfoLogger:50   INFO  - Starting Application on XZ-133BKH459LTG with PID 3136 (E:\springbootProject\calvinye-usermanagement\target\classes started by Calvin Ye in E:\springbootProject\calvinye-usermanagement)
2019-07-29 19:27:58.630 [main] o.s.boot.StartupInfoLogger:53   DEBUG - Running with Spring Boot v2.1.6.RELEASE, Spring v5.1.8.RELEASE
2019-07-29 19:27:58.630 [main] o.s.boot.SpringApplication:646  INFO  - No active profile set, falling back to default profiles: default
2019-07-29 19:27:59.993 [main] o.s.boot.StartupInfoLogger:59   INFO  - Started Application in 1.537 seconds (JVM running for 2.11)
2019-07-29 19:30:07.072 [main] o.s.boot.StartupInfoLogger:50   INFO  - Starting Application on XZ-133BKH459LTG with PID 19312 (E:\springbootProject\calvinye-usermanagement\target\classes started by Calvin Ye in E:\springbootProject\calvinye-usermanagement)
2019-07-29 19:30:07.075 [main] o.s.boot.StartupInfoLogger:53   DEBUG - Running with Spring Boot v2.1.6.RELEASE, Spring v5.1.8.RELEASE
2019-07-29 19:30:07.075 [main] o.s.boot.SpringApplication:646  INFO  - No active profile set, falling back to default profiles: default
2019-07-29 19:30:08.689 [main] o.s.boot.StartupInfoLogger:59   INFO  - Started Application in 1.908 seconds (JVM running for 4.671)
2019-07-29 19:30:13.333 [http-nio-8080-exec-3] o.a.i.l.jdbc.BaseJdbcLogger:159  DEBUG - ==>  Preparing: SELECT * FROM calvin_user WHERE email=? 
2019-07-29 19:30:13.347 [http-nio-8080-exec-3] o.a.i.l.jdbc.BaseJdbcLogger:159  DEBUG - ==> Parameters: null
2019-07-29 19:30:13.360 [http-nio-8080-exec-3] o.a.i.l.jdbc.BaseJdbcLogger:159  DEBUG - <==      Total: 0
2019-07-29 19:30:13.559 [http-nio-8080-exec-3] o.a.i.l.jdbc.BaseJdbcLogger:159  DEBUG - ==>  Preparing: INSERT INTO calvin_user(user_id, email, password, create_at, update_at) VALUES(?, ?, ?, ?, ?) 
2019-07-29 19:30:13.560 [http-nio-8080-exec-3] o.a.i.l.jdbc.BaseJdbcLogger:159  DEBUG - ==> Parameters: 1ee689a7-839c-4f77-9afc-1917080c1dda(String), null, pbkdf2_sha256$1000$x5zZbwzlYkSo$DiAAuvX7x8fNb/btS5AEWkyW7z0wYXgeE9OkE5r+X5Y=(String), 2019-07-29T19:30:13+0800(String), 2019-07-29T19:30:13+0800(String)
2019-07-29 19:55:48.114 [main] o.s.boot.StartupInfoLogger:50   INFO  - Starting Application on XZ-133BKH459LTG with PID 15616 (E:\springbootProject\calvinye-usermanagement\target\classes started by Calvin Ye in E:\springbootProject\calvinye-usermanagement)
2019-07-29 19:55:48.115 [main] o.s.boot.StartupInfoLogger:53   DEBUG - Running with Spring Boot v2.1.6.RELEASE, Spring v5.1.8.RELEASE
2019-07-29 19:55:48.116 [main] o.s.boot.SpringApplication:646  INFO  - No active profile set, falling back to default profiles: default
2019-07-29 19:55:49.486 [main] o.s.boot.StartupInfoLogger:59   INFO  - Started Application in 1.548 seconds (JVM running for 2.117)
2019-07-29 19:59:28.914 [http-nio-8080-exec-4] o.a.i.l.jdbc.BaseJdbcLogger:159  DEBUG - ==>  Preparing: SELECT * FROM calvin_user WHERE email=? 
2019-07-29 19:59:28.931 [http-nio-8080-exec-4] o.a.i.l.jdbc.BaseJdbcLogger:159  DEBUG - ==> Parameters: example9@etekcity.com.cn(String)
2019-07-29 19:59:28.946 [http-nio-8080-exec-4] o.a.i.l.jdbc.BaseJdbcLogger:159  DEBUG - <==      Total: 1
