2019-07-29 18:29:17.076 [main] o.s.boot.StartupInfoLogger:50   INFO  - Starting Application on XZ-133BKH459LTG with PID 3104 (E:\springbootProject\calvinye-usermanagement\target\classes started by Calvin Ye in E:\springbootProject\calvinye-usermanagement)
2019-07-29 18:29:17.079 [main] o.s.boot.StartupInfoLogger:53   DEBUG - Running with Spring Boot v2.1.6.RELEASE, Spring v5.1.8.RELEASE
2019-07-29 18:29:17.080 [main] o.s.boot.SpringApplication:646  INFO  - No active profile set, falling back to default profiles: default
2019-07-29 18:29:18.438 [main] o.s.boot.StartupInfoLogger:59   INFO  - Started Application in 1.54 seconds (JVM running for 2.097)
2019-07-29 18:32:12.551 [http-nio-8080-exec-3] o.a.i.l.jdbc.BaseJdbcLogger:159  DEBUG - ==>  Preparing: SELECT password FROM calvin_user WHERE user_id=? 
2019-07-29 18:32:12.566 [http-nio-8080-exec-3] o.a.i.l.jdbc.BaseJdbcLogger:159  DEBUG - ==> Parameters: 9fa6bca6-51b1-4510-bd4b-402123d48c05(String)
2019-07-29 18:32:12.581 [http-nio-8080-exec-3] o.a.i.l.jdbc.BaseJdbcLogger:159  DEBUG - <==      Total: 1
2019-07-29 18:33:33.865 [main] o.s.boot.StartupInfoLogger:50   INFO  - Starting Application on XZ-133BKH459LTG with PID 18072 (E:\springbootProject\calvinye-usermanagement\target\classes started by Calvin Ye in E:\springbootProject\calvinye-usermanagement)
2019-07-29 18:33:33.867 [main] o.s.boot.StartupInfoLogger:53   DEBUG - Running with Spring Boot v2.1.6.RELEASE, Spring v5.1.8.RELEASE
2019-07-29 18:33:33.867 [main] o.s.boot.SpringApplication:646  INFO  - No active profile set, falling back to default profiles: default
2019-07-29 18:33:35.214 [main] o.s.boot.StartupInfoLogger:59   INFO  - Started Application in 1.512 seconds (JVM running for 2.096)
2019-07-29 18:33:39.573 [http-nio-8080-exec-2] o.a.i.l.jdbc.BaseJdbcLogger:159  DEBUG - ==>  Preparing: SELECT password FROM calvin_user WHERE user_id=? 
2019-07-29 18:33:39.587 [http-nio-8080-exec-2] o.a.i.l.jdbc.BaseJdbcLogger:159  DEBUG - ==> Parameters: 9fa6bca6-51b1-4510-bd4b-402123d48c05(String)
2019-07-29 18:33:39.602 [http-nio-8080-exec-2] o.a.i.l.jdbc.BaseJdbcLogger:159  DEBUG - <==      Total: 1
2019-07-29 18:33:48.930 [http-nio-8080-exec-3] o.a.i.l.jdbc.BaseJdbcLogger:159  DEBUG - ==>  Preparing: SELECT password FROM calvin_user WHERE user_id=? 
2019-07-29 18:33:48.930 [http-nio-8080-exec-3] o.a.i.l.jdbc.BaseJdbcLogger:159  DEBUG - ==> Parameters: 9fa6bca6-51b1-4510-bd4b-402123d48c05(String)
2019-07-29 18:33:48.931 [http-nio-8080-exec-3] o.a.i.l.jdbc.BaseJdbcLogger:159  DEBUG - <==      Total: 1
2019-07-29 18:33:48.938 [http-nio-8080-exec-3] o.a.i.l.jdbc.BaseJdbcLogger:159  DEBUG - ==>  Preparing: UPDATE calvin_user SET password=?,update_at=? WHERE user_id=? 
2019-07-29 18:33:48.939 [http-nio-8080-exec-3] o.a.i.l.jdbc.BaseJdbcLogger:159  DEBUG - ==> Parameters: pbkdf2_sha256$1000$zYj9Xc2Zqj34$qryNcmcujGMu7nmBdRlzJTuutvWA5fRik3ghNesra8M=(String), 2019-07-29T18:33:48+0800(String), 9fa6bca6-51b1-4510-bd4b-402123d48c05(String)
2019-07-29 18:33:49.026 [http-nio-8080-exec-3] o.a.i.l.jdbc.BaseJdbcLogger:159  DEBUG - <==    Updates: 1
2019-07-29 18:35:47.225 [http-nio-8080-exec-8] o.a.i.l.jdbc.BaseJdbcLogger:159  DEBUG - ==>  Preparing: SELECT * FROM calvin_user WHERE email=? 
2019-07-29 18:35:47.226 [http-nio-8080-exec-8] o.a.i.l.jdbc.BaseJdbcLogger:159  DEBUG - ==> Parameters: example9@etekcity.com.cn(String)
2019-07-29 18:35:47.229 [http-nio-8080-exec-8] o.a.i.l.jdbc.BaseJdbcLogger:159  DEBUG - <==      Total: 1
2019-07-29 18:35:53.775 [http-nio-8080-exec-9] o.a.i.l.jdbc.BaseJdbcLogger:159  DEBUG - ==>  Preparing: SELECT * FROM calvin_user WHERE email=? 
2019-07-29 18:35:53.775 [http-nio-8080-exec-9] o.a.i.l.jdbc.BaseJdbcLogger:159  DEBUG - ==> Parameters: example9@etekcity.com.cn(String)
2019-07-29 18:35:53.777 [http-nio-8080-exec-9] o.a.i.l.jdbc.BaseJdbcLogger:159  DEBUG - <==      Total: 1
2019-07-29 18:36:32.442 [http-nio-8080-exec-1] o.a.i.l.jdbc.BaseJdbcLogger:159  DEBUG - ==>  Preparing: SELECT * FROM calvin_user WHERE user_id=? 
2019-07-29 18:36:32.443 [http-nio-8080-exec-1] o.a.i.l.jdbc.BaseJdbcLogger:159  DEBUG - ==> Parameters: 9fa6bca6-51b1-4510-bd4b-402123d48c05(String)
2019-07-29 18:36:32.444 [http-nio-8080-exec-1] o.a.i.l.jdbc.BaseJdbcLogger:159  DEBUG - <==      Total: 1
2019-07-29 18:36:42.523 [http-nio-8080-exec-2] o.a.i.l.jdbc.BaseJdbcLogger:159  DEBUG - ==>  Preparing: UPDATE calvin_user SET address=?,update_at=? WHERE user_id=? 
2019-07-29 18:36:42.524 [http-nio-8080-exec-2] o.a.i.l.jdbc.BaseJdbcLogger:159  DEBUG - ==> Parameters: qwertttttt1(String), 2019-07-29T18:36:42+0800(String), 9fa6bca6-51b1-4510-bd4b-402123d48c05(String)
2019-07-29 18:36:42.582 [http-nio-8080-exec-2] o.a.i.l.jdbc.BaseJdbcLogger:159  DEBUG - <==    Updates: 1
2019-07-29 18:36:42.582 [http-nio-8080-exec-2] o.a.i.l.jdbc.BaseJdbcLogger:159  DEBUG - ==>  Preparing: UPDATE calvin_user SET nickname=?,update_at=? WHERE user_id=? 
2019-07-29 18:36:42.583 [http-nio-8080-exec-2] o.a.i.l.jdbc.BaseJdbcLogger:159  DEBUG - ==> Parameters: 999900(String), 2019-07-29T18:36:42+0800(String), 9fa6bca6-51b1-4510-bd4b-402123d48c05(String)
2019-07-29 18:36:42.657 [http-nio-8080-exec-2] o.a.i.l.jdbc.BaseJdbcLogger:159  DEBUG - <==    Updates: 1
2019-07-29 18:37:10.561 [http-nio-8080-exec-4] o.a.i.l.jdbc.BaseJdbcLogger:159  DEBUG - ==>  Preparing: SELECT password FROM calvin_user WHERE user_id=? 
2019-07-29 18:37:10.561 [http-nio-8080-exec-4] o.a.i.l.jdbc.BaseJdbcLogger:159  DEBUG - ==> Parameters: 9fa6bca6-51b1-4510-bd4b-402123d48c05(String)
2019-07-29 18:37:10.562 [http-nio-8080-exec-4] o.a.i.l.jdbc.BaseJdbcLogger:159  DEBUG - <==      Total: 1
