2019-07-29 20:00:04.787 [http-nio-8080-exec-2] o.a.i.l.jdbc.BaseJdbcLogger:159  DEBUG - ==>  Preparing: SELECT * FROM calvin_user WHERE email=? 
2019-07-29 20:00:04.789 [http-nio-8080-exec-2] o.a.i.l.jdbc.BaseJdbcLogger:159  DEBUG - ==> Parameters: example1@etekcity.com.cn(String)
2019-07-29 20:00:04.790 [http-nio-8080-exec-2] o.a.i.l.jdbc.BaseJdbcLogger:159  DEBUG - <==      Total: 0
2019-07-29 20:00:04.969 [http-nio-8080-exec-2] o.a.i.l.jdbc.BaseJdbcLogger:159  DEBUG - ==>  Preparing: INSERT INTO calvin_user(user_id, email, password, create_at, update_at) VALUES(?, ?, ?, ?, ?) 
2019-07-29 20:00:04.970 [http-nio-8080-exec-2] o.a.i.l.jdbc.BaseJdbcLogger:159  DEBUG - ==> Parameters: a5fbeac4-291e-41e2-83b9-75121c5a183e(String), example1@etekcity.com.cn(String), pbkdf2_sha256$1000$YeST5y2MvNw1$F433QcL5t7qfVqkVlnxuIO4/FfwiQPxP3g2Pj8fGy6k=(String), 2019-07-29T20:00:04+0800(String), 2019-07-29T20:00:04+0800(String)
2019-07-29 20:00:05.016 [http-nio-8080-exec-2] o.a.i.l.jdbc.BaseJdbcLogger:159  DEBUG - <==    Updates: 1
2019-07-29 20:02:02.272 [http-nio-8080-exec-9] o.a.i.l.jdbc.BaseJdbcLogger:159  DEBUG - ==>  Preparing: SELECT * FROM calvin_user WHERE email=? 
2019-07-29 20:02:02.273 [http-nio-8080-exec-9] o.a.i.l.jdbc.BaseJdbcLogger:159  DEBUG - ==> Parameters: example9@etekcity.com.cn(String)
2019-07-29 20:02:02.274 [http-nio-8080-exec-9] o.a.i.l.jdbc.BaseJdbcLogger:159  DEBUG - <==      Total: 1
2019-07-29 20:03:41.813 [http-nio-8080-exec-4] o.a.i.l.jdbc.BaseJdbcLogger:159  DEBUG - ==>  Preparing: SELECT * FROM calvin_user WHERE user_id=? 
2019-07-29 20:03:41.813 [http-nio-8080-exec-4] o.a.i.l.jdbc.BaseJdbcLogger:159  DEBUG - ==> Parameters: 9fa6bca6-51b1-4510-bd4b-402123d48c05(String)
2019-07-29 20:03:41.815 [http-nio-8080-exec-4] o.a.i.l.jdbc.BaseJdbcLogger:159  DEBUG - <==      Total: 1
2019-07-29 20:04:02.310 [http-nio-8080-exec-2] o.a.i.l.jdbc.BaseJdbcLogger:159  DEBUG - ==>  Preparing: UPDATE calvin_user SET address=?,update_at=? WHERE user_id=? 
2019-07-29 20:04:02.310 [http-nio-8080-exec-2] o.a.i.l.jdbc.BaseJdbcLogger:159  DEBUG - ==> Parameters: qwertttttt11(String), 2019-07-29T20:04:02+0800(String), 9fa6bca6-51b1-4510-bd4b-402123d48c05(String)
2019-07-29 20:04:02.369 [http-nio-8080-exec-2] o.a.i.l.jdbc.BaseJdbcLogger:159  DEBUG - <==    Updates: 1
2019-07-29 20:04:02.370 [http-nio-8080-exec-2] o.a.i.l.jdbc.BaseJdbcLogger:159  DEBUG - ==>  Preparing: UPDATE calvin_user SET nickname=?,update_at=? WHERE user_id=? 
2019-07-29 20:04:02.370 [http-nio-8080-exec-2] o.a.i.l.jdbc.BaseJdbcLogger:159  DEBUG - ==> Parameters: 9999001(String), 2019-07-29T20:04:02+0800(String), 9fa6bca6-51b1-4510-bd4b-402123d48c05(String)
2019-07-29 20:04:02.395 [http-nio-8080-exec-2] o.a.i.l.jdbc.BaseJdbcLogger:159  DEBUG - <==    Updates: 1
2019-07-29 20:04:10.096 [http-nio-8080-exec-1] o.a.i.l.jdbc.BaseJdbcLogger:159  DEBUG - ==>  Preparing: SELECT * FROM calvin_user WHERE user_id=? 
2019-07-29 20:04:10.097 [http-nio-8080-exec-1] o.a.i.l.jdbc.BaseJdbcLogger:159  DEBUG - ==> Parameters: 9fa6bca6-51b1-4510-bd4b-402123d48c05(String)
2019-07-29 20:04:10.098 [http-nio-8080-exec-1] o.a.i.l.jdbc.BaseJdbcLogger:159  DEBUG - <==      Total: 1
2019-07-29 20:04:37.706 [http-nio-8080-exec-3] o.a.i.l.jdbc.BaseJdbcLogger:159  DEBUG - ==>  Preparing: SELECT password FROM calvin_user WHERE user_id=? 
2019-07-29 20:04:37.707 [http-nio-8080-exec-3] o.a.i.l.jdbc.BaseJdbcLogger:159  DEBUG - ==> Parameters: 9fa6bca6-51b1-4510-bd4b-402123d48c05(String)
2019-07-29 20:04:37.709 [http-nio-8080-exec-3] o.a.i.l.jdbc.BaseJdbcLogger:159  DEBUG - <==      Total: 1
2019-07-29 20:05:38.828 [http-nio-8080-exec-10] o.a.i.l.jdbc.BaseJdbcLogger:159  DEBUG - ==>  Preparing: SELECT password FROM calvin_user WHERE user_id=? 
2019-07-29 20:05:38.828 [http-nio-8080-exec-10] o.a.i.l.jdbc.BaseJdbcLogger:159  DEBUG - ==> Parameters: 9fa6bca6-51b1-4510-bd4b-402123d48c05(String)
2019-07-29 20:05:38.829 [http-nio-8080-exec-10] o.a.i.l.jdbc.BaseJdbcLogger:159  DEBUG - <==      Total: 1
2019-07-29 20:05:38.835 [http-nio-8080-exec-10] o.a.i.l.jdbc.BaseJdbcLogger:159  DEBUG - ==>  Preparing: UPDATE calvin_user SET password=?,update_at=? WHERE user_id=? 
2019-07-29 20:05:38.836 [http-nio-8080-exec-10] o.a.i.l.jdbc.BaseJdbcLogger:159  DEBUG - ==> Parameters: pbkdf2_sha256$1000$vv2GfV6KM8Ex$pYsjN+75ae15eSaRpzhZb/qBbdMviJjGOt4Me7YkTQE=(String), 2019-07-29T20:05:38+0800(String), 9fa6bca6-51b1-4510-bd4b-402123d48c05(String)
2019-07-29 20:05:38.873 [http-nio-8080-exec-10] o.a.i.l.jdbc.BaseJdbcLogger:159  DEBUG - <==    Updates: 1
2019-07-29 20:06:45.448 [http-nio-8080-exec-5] o.a.i.l.jdbc.BaseJdbcLogger:159  DEBUG - ==>  Preparing: SELECT * FROM calvin_user WHERE email=? 
2019-07-29 20:06:45.449 [http-nio-8080-exec-5] o.a.i.l.jdbc.BaseJdbcLogger:159  DEBUG - ==> Parameters: example9@etekcity.com.cn(String)
2019-07-29 20:06:45.450 [http-nio-8080-exec-5] o.a.i.l.jdbc.BaseJdbcLogger:159  DEBUG - <==      Total: 1
2019-07-29 20:08:35.402 [http-nio-8080-exec-4] o.a.i.l.jdbc.BaseJdbcLogger:159  DEBUG - ==>  Preparing: SELECT * FROM calvin_user WHERE user_id=? 
2019-07-29 20:08:35.403 [http-nio-8080-exec-4] o.a.i.l.jdbc.BaseJdbcLogger:159  DEBUG - ==> Parameters: 9fa6bca6-51b1-4510-bd4b-402123d48c05(String)
2019-07-29 20:08:35.404 [http-nio-8080-exec-4] o.a.i.l.jdbc.BaseJdbcLogger:159  DEBUG - <==      Total: 1
2019-07-29 20:08:58.572 [http-nio-8080-exec-1] o.a.i.l.jdbc.BaseJdbcLogger:159  DEBUG - ==>  Preparing: UPDATE calvin_user SET address=?,update_at=? WHERE user_id=? 
2019-07-29 20:08:58.572 [http-nio-8080-exec-1] o.a.i.l.jdbc.BaseJdbcLogger:159  DEBUG - ==> Parameters: qwertttttt112(String), 2019-07-29T20:08:58+0800(String), 9fa6bca6-51b1-4510-bd4b-402123d48c05(String)
2019-07-29 20:08:58.610 [http-nio-8080-exec-1] o.a.i.l.jdbc.BaseJdbcLogger:159  DEBUG - <==    Updates: 1
2019-07-29 20:08:58.611 [http-nio-8080-exec-1] o.a.i.l.jdbc.BaseJdbcLogger:159  DEBUG - ==>  Preparing: UPDATE calvin_user SET nickname=?,update_at=? WHERE user_id=? 
2019-07-29 20:08:58.611 [http-nio-8080-exec-1] o.a.i.l.jdbc.BaseJdbcLogger:159  DEBUG - ==> Parameters: 9999001(String), 2019-07-29T20:08:58+0800(String), 9fa6bca6-51b1-4510-bd4b-402123d48c05(String)
2019-07-29 20:08:58.684 [http-nio-8080-exec-1] o.a.i.l.jdbc.BaseJdbcLogger:159  DEBUG - <==    Updates: 1
2019-07-29 20:09:03.386 [http-nio-8080-exec-3] o.a.i.l.jdbc.BaseJdbcLogger:159  DEBUG - ==>  Preparing: SELECT * FROM calvin_user WHERE user_id=? 
2019-07-29 20:09:03.387 [http-nio-8080-exec-3] o.a.i.l.jdbc.BaseJdbcLogger:159  DEBUG - ==> Parameters: 9fa6bca6-51b1-4510-bd4b-402123d48c05(String)
2019-07-29 20:09:03.388 [http-nio-8080-exec-3] o.a.i.l.jdbc.BaseJdbcLogger:159  DEBUG - <==      Total: 1
2019-07-29 20:10:42.026 [http-nio-8080-exec-7] o.a.i.l.jdbc.BaseJdbcLogger:159  DEBUG - ==>  Preparing: SELECT * FROM calvin_user WHERE email=? 
2019-07-29 20:10:42.027 [http-nio-8080-exec-7] o.a.i.l.jdbc.BaseJdbcLogger:159  DEBUG - ==> Parameters: example1@etekcity.com.cn(String)
2019-07-29 20:10:42.028 [http-nio-8080-exec-7] o.a.i.l.jdbc.BaseJdbcLogger:159  DEBUG - <==      Total: 1
2019-07-29 20:10:48.886 [http-nio-8080-exec-5] o.a.i.l.jdbc.BaseJdbcLogger:159  DEBUG - ==>  Preparing: SELECT * FROM calvin_user WHERE email=? 
2019-07-29 20:10:48.887 [http-nio-8080-exec-5] o.a.i.l.jdbc.BaseJdbcLogger:159  DEBUG - ==> Parameters: example9@etekcity.com.cn(String)
2019-07-29 20:10:48.888 [http-nio-8080-exec-5] o.a.i.l.jdbc.BaseJdbcLogger:159  DEBUG - <==      Total: 1
2019-07-29 20:10:52.275 [http-nio-8080-exec-8] o.a.i.l.jdbc.BaseJdbcLogger:159  DEBUG - ==>  Preparing: SELECT * FROM calvin_user WHERE email=? 
2019-07-29 20:10:52.275 [http-nio-8080-exec-8] o.a.i.l.jdbc.BaseJdbcLogger:159  DEBUG - ==> Parameters: example9@etekcity.com.cn(String)
2019-07-29 20:10:52.276 [http-nio-8080-exec-8] o.a.i.l.jdbc.BaseJdbcLogger:159  DEBUG - <==      Total: 1
2019-07-29 20:10:54.262 [http-nio-8080-exec-2] o.a.i.l.jdbc.BaseJdbcLogger:159  DEBUG - ==>  Preparing: SELECT * FROM calvin_user WHERE email=? 
2019-07-29 20:10:54.263 [http-nio-8080-exec-2] o.a.i.l.jdbc.BaseJdbcLogger:159  DEBUG - ==> Parameters: example9@etekcity.com.cn(String)
2019-07-29 20:10:54.264 [http-nio-8080-exec-2] o.a.i.l.jdbc.BaseJdbcLogger:159  DEBUG - <==      Total: 1
2019-07-29 20:12:51.543 [http-nio-8080-exec-6] o.a.i.l.jdbc.BaseJdbcLogger:159  DEBUG - ==>  Preparing: SELECT * FROM calvin_user WHERE user_id=? 
2019-07-29 20:12:51.544 [http-nio-8080-exec-6] o.a.i.l.jdbc.BaseJdbcLogger:159  DEBUG - ==> Parameters: 9fa6bca6-51b1-4510-bd4b-402123d48c05(String)
2019-07-29 20:12:51.545 [http-nio-8080-exec-6] o.a.i.l.jdbc.BaseJdbcLogger:159  DEBUG - <==      Total: 1
2019-07-29 20:13:15.140 [http-nio-8080-exec-9] o.a.i.l.jdbc.BaseJdbcLogger:159  DEBUG - ==>  Preparing: UPDATE calvin_user SET address=?,update_at=? WHERE user_id=? 
2019-07-29 20:13:15.140 [http-nio-8080-exec-9] o.a.i.l.jdbc.BaseJdbcLogger:159  DEBUG - ==> Parameters: qwertttttt1122(String), 2019-07-29T20:13:15+0800(String), 9fa6bca6-51b1-4510-bd4b-402123d48c05(String)
2019-07-29 20:13:15.202 [http-nio-8080-exec-9] o.a.i.l.jdbc.BaseJdbcLogger:159  DEBUG - <==    Updates: 1
2019-07-29 20:13:15.203 [http-nio-8080-exec-9] o.a.i.l.jdbc.BaseJdbcLogger:159  DEBUG - ==>  Preparing: UPDATE calvin_user SET nickname=?,update_at=? WHERE user_id=? 
2019-07-29 20:13:15.203 [http-nio-8080-exec-9] o.a.i.l.jdbc.BaseJdbcLogger:159  DEBUG - ==> Parameters: 9999001(String), 2019-07-29T20:13:15+0800(String), 9fa6bca6-51b1-4510-bd4b-402123d48c05(String)
2019-07-29 20:13:15.277 [http-nio-8080-exec-9] o.a.i.l.jdbc.BaseJdbcLogger:159  DEBUG - <==    Updates: 1
2019-07-29 20:13:18.997 [http-nio-8080-exec-10] o.a.i.l.jdbc.BaseJdbcLogger:159  DEBUG - ==>  Preparing: SELECT * FROM calvin_user WHERE user_id=? 
2019-07-29 20:13:18.998 [http-nio-8080-exec-10] o.a.i.l.jdbc.BaseJdbcLogger:159  DEBUG - ==> Parameters: 9fa6bca6-51b1-4510-bd4b-402123d48c05(String)
2019-07-29 20:13:18.999 [http-nio-8080-exec-10] o.a.i.l.jdbc.BaseJdbcLogger:159  DEBUG - <==      Total: 1
2019-07-29 20:14:56.996 [http-nio-8080-exec-5] o.a.i.l.jdbc.BaseJdbcLogger:159  DEBUG - ==>  Preparing: SELECT password FROM calvin_user WHERE user_id=? 
2019-07-29 20:14:56.997 [http-nio-8080-exec-5] o.a.i.l.jdbc.BaseJdbcLogger:159  DEBUG - ==> Parameters: 9fa6bca6-51b1-4510-bd4b-402123d48c05(String)
2019-07-29 20:14:56.998 [http-nio-8080-exec-5] o.a.i.l.jdbc.BaseJdbcLogger:159  DEBUG - <==      Total: 1
2019-07-29 20:14:57.004 [http-nio-8080-exec-5] o.a.i.l.jdbc.BaseJdbcLogger:159  DEBUG - ==>  Preparing: UPDATE calvin_user SET password=?,update_at=? WHERE user_id=? 
2019-07-29 20:14:57.005 [http-nio-8080-exec-5] o.a.i.l.jdbc.BaseJdbcLogger:159  DEBUG - ==> Parameters: pbkdf2_sha256$1000$AaU9KxS7f2E8$pEIYgUu9D+cMqLDb0Ztf02kOzQVuvrWtpal4F7wF1i4=(String), 2019-07-29T20:14:57+0800(String), 9fa6bca6-51b1-4510-bd4b-402123d48c05(String)
2019-07-29 20:14:57.064 [http-nio-8080-exec-5] o.a.i.l.jdbc.BaseJdbcLogger:159  DEBUG - <==    Updates: 1
2019-07-29 20:15:54.714 [http-nio-8080-exec-4] o.a.i.l.jdbc.BaseJdbcLogger:159  DEBUG - ==>  Preparing: SELECT * FROM calvin_user WHERE email=? 
2019-07-29 20:15:54.714 [http-nio-8080-exec-4] o.a.i.l.jdbc.BaseJdbcLogger:159  DEBUG - ==> Parameters: example9@etekcity.com.cn(String)
2019-07-29 20:15:54.715 [http-nio-8080-exec-4] o.a.i.l.jdbc.BaseJdbcLogger:159  DEBUG - <==      Total: 1
2019-07-29 20:16:24.321 [http-nio-8080-exec-1] o.a.i.l.jdbc.BaseJdbcLogger:159  DEBUG - ==>  Preparing: SELECT * FROM calvin_user WHERE user_id=? 
2019-07-29 20:16:24.322 [http-nio-8080-exec-1] o.a.i.l.jdbc.BaseJdbcLogger:159  DEBUG - ==> Parameters: 9fa6bca6-51b1-4510-bd4b-402123d48c05(String)
2019-07-29 20:16:24.323 [http-nio-8080-exec-1] o.a.i.l.jdbc.BaseJdbcLogger:159  DEBUG - <==      Total: 1
2019-07-29 20:16:42.349 [http-nio-8080-exec-3] o.a.i.l.jdbc.BaseJdbcLogger:159  DEBUG - ==>  Preparing: UPDATE calvin_user SET address=?,update_at=? WHERE user_id=? 
2019-07-29 20:16:42.349 [http-nio-8080-exec-3] o.a.i.l.jdbc.BaseJdbcLogger:159  DEBUG - ==> Parameters: qwertttttt11223(String), 2019-07-29T20:16:42+0800(String), 9fa6bca6-51b1-4510-bd4b-402123d48c05(String)
2019-07-29 20:16:42.390 [http-nio-8080-exec-3] o.a.i.l.jdbc.BaseJdbcLogger:159  DEBUG - <==    Updates: 1
2019-07-29 20:16:42.390 [http-nio-8080-exec-3] o.a.i.l.jdbc.BaseJdbcLogger:159  DEBUG - ==>  Preparing: UPDATE calvin_user SET nickname=?,update_at=? WHERE user_id=? 
2019-07-29 20:16:42.390 [http-nio-8080-exec-3] o.a.i.l.jdbc.BaseJdbcLogger:159  DEBUG - ==> Parameters: 9999001(String), 2019-07-29T20:16:42+0800(String), 9fa6bca6-51b1-4510-bd4b-402123d48c05(String)
2019-07-29 20:16:42.465 [http-nio-8080-exec-3] o.a.i.l.jdbc.BaseJdbcLogger:159  DEBUG - <==    Updates: 1
2019-07-29 20:16:48.027 [http-nio-8080-exec-6] o.a.i.l.jdbc.BaseJdbcLogger:159  DEBUG - ==>  Preparing: SELECT * FROM calvin_user WHERE user_id=? 
2019-07-29 20:16:48.028 [http-nio-8080-exec-6] o.a.i.l.jdbc.BaseJdbcLogger:159  DEBUG - ==> Parameters: 9fa6bca6-51b1-4510-bd4b-402123d48c05(String)
2019-07-29 20:16:48.029 [http-nio-8080-exec-6] o.a.i.l.jdbc.BaseJdbcLogger:159  DEBUG - <==      Total: 1
