2019-07-25 20:00:06.976 [http-nio-8080-exec-7] o.a.i.l.jdbc.BaseJdbcLogger:159  DEBUG - ==>  Preparing: SELECT * FROM calvin_user WHERE email=? 
2019-07-25 20:00:06.981 [http-nio-8080-exec-7] o.a.i.l.jdbc.BaseJdbcLogger:159  DEBUG - ==> Parameters: example8@etekcity.com.cn(String)
2019-07-25 20:00:06.983 [http-nio-8080-exec-7] o.a.i.l.jdbc.BaseJdbcLogger:159  DEBUG - <==      Total: 1
2019-07-25 20:00:22.751 [http-nio-8080-exec-3] o.a.i.l.jdbc.BaseJdbcLogger:159  DEBUG - ==>  Preparing: SELECT * FROM calvin_user WHERE email=? 
2019-07-25 20:00:22.752 [http-nio-8080-exec-3] o.a.i.l.jdbc.BaseJdbcLogger:159  DEBUG - ==> Parameters: example8@etekcity.com.cn(String)
2019-07-25 20:00:22.754 [http-nio-8080-exec-3] o.a.i.l.jdbc.BaseJdbcLogger:159  DEBUG - <==      Total: 1
2019-07-25 20:00:30.912 [http-nio-8080-exec-10] o.a.i.l.jdbc.BaseJdbcLogger:159  DEBUG - ==>  Preparing: SELECT * FROM calvin_user WHERE email=? 
2019-07-25 20:00:30.912 [http-nio-8080-exec-10] o.a.i.l.jdbc.BaseJdbcLogger:159  DEBUG - ==> Parameters: example8@etekcity.com.cn(String)
2019-07-25 20:00:30.913 [http-nio-8080-exec-10] o.a.i.l.jdbc.BaseJdbcLogger:159  DEBUG - <==      Total: 1
2019-07-25 20:02:02.693 [http-nio-8080-exec-4] o.a.i.l.jdbc.BaseJdbcLogger:159  DEBUG - ==>  Preparing: SELECT * FROM calvin_user WHERE email=? 
2019-07-25 20:02:02.693 [http-nio-8080-exec-4] o.a.i.l.jdbc.BaseJdbcLogger:159  DEBUG - ==> Parameters: example8@etekcity.com.cn(String)
2019-07-25 20:02:02.694 [http-nio-8080-exec-4] o.a.i.l.jdbc.BaseJdbcLogger:159  DEBUG - <==      Total: 1
2019-07-25 20:03:09.485 [http-nio-8080-exec-6] o.a.i.l.jdbc.BaseJdbcLogger:159  DEBUG - ==>  Preparing: SELECT * FROM calvin_user WHERE email=? 
2019-07-25 20:03:09.486 [http-nio-8080-exec-6] o.a.i.l.jdbc.BaseJdbcLogger:159  DEBUG - ==> Parameters: example8@etekcity.com.cn(String)
2019-07-25 20:03:09.487 [http-nio-8080-exec-6] o.a.i.l.jdbc.BaseJdbcLogger:159  DEBUG - <==      Total: 1
2019-07-25 20:03:20.552 [http-nio-8080-exec-7] o.a.i.l.jdbc.BaseJdbcLogger:159  DEBUG - ==>  Preparing: SELECT * FROM calvin_user WHERE email=? 
2019-07-25 20:03:20.552 [http-nio-8080-exec-7] o.a.i.l.jdbc.BaseJdbcLogger:159  DEBUG - ==> Parameters: example9@etekcity.com.cn(String)
2019-07-25 20:03:20.553 [http-nio-8080-exec-7] o.a.i.l.jdbc.BaseJdbcLogger:159  DEBUG - <==      Total: 0
2019-07-25 20:03:20.557 [http-nio-8080-exec-7] o.a.i.l.jdbc.BaseJdbcLogger:159  DEBUG - ==>  Preparing: INSERT INTO calvin_user(user_id, email, password, create_at, update_at) VALUES(?, ?, ?, ?, ?) 
2019-07-25 20:03:20.558 [http-nio-8080-exec-7] o.a.i.l.jdbc.BaseJdbcLogger:159  DEBUG - ==> Parameters: 9fa6bca6-51b1-4510-bd4b-402123d48c05(String), example9@etekcity.com.cn(String), pbkdf2_sha256$1000$DjJHX4BA2T2Q$I9UIDfD4CY1o0LjBCBg7uYJfZhEqcNQ2dsRpY+0pQ7A=(String), 2019-07-25T20:03:20+0800(String), 2019-07-25T20:03:20+0800(String)
2019-07-25 20:03:20.631 [http-nio-8080-exec-7] o.a.i.l.jdbc.BaseJdbcLogger:159  DEBUG - <==    Updates: 1
2019-07-25 20:03:29.774 [http-nio-8080-exec-8] o.a.i.l.jdbc.BaseJdbcLogger:159  DEBUG - ==>  Preparing: SELECT * FROM calvin_user WHERE email=? 
2019-07-25 20:03:29.775 [http-nio-8080-exec-8] o.a.i.l.jdbc.BaseJdbcLogger:159  DEBUG - ==> Parameters: example9@etekcity.com.cn(String)
2019-07-25 20:03:29.776 [http-nio-8080-exec-8] o.a.i.l.jdbc.BaseJdbcLogger:159  DEBUG - <==      Total: 1
2019-07-25 20:06:17.584 [main] o.s.boot.StartupInfoLogger:50   INFO  - Starting Application on XZ-133BKH459LTG with PID 17780 (E:\springbootProject\calvinye-usermanagement\target\classes started by Calvin Ye in E:\springbootProject\calvinye-usermanagement)
2019-07-25 20:06:17.586 [main] o.s.boot.StartupInfoLogger:53   DEBUG - Running with Spring Boot v2.1.6.RELEASE, Spring v5.1.8.RELEASE
2019-07-25 20:06:17.586 [main] o.s.boot.SpringApplication:646  INFO  - No active profile set, falling back to default profiles: default
2019-07-25 20:06:18.984 [main] o.s.boot.StartupInfoLogger:59   INFO  - Started Application in 1.57 seconds (JVM running for 2.129)
2019-07-25 20:07:40.079 [http-nio-8080-exec-3] o.a.i.l.jdbc.BaseJdbcLogger:159  DEBUG - ==>  Preparing: SELECT * FROM calvin_user WHERE email=? 
2019-07-25 20:07:40.092 [http-nio-8080-exec-3] o.a.i.l.jdbc.BaseJdbcLogger:159  DEBUG - ==> Parameters: example9@etekcity.com.cn(String)
2019-07-25 20:07:40.106 [http-nio-8080-exec-3] o.a.i.l.jdbc.BaseJdbcLogger:159  DEBUG - <==      Total: 1
2019-07-25 20:08:01.498 [http-nio-8080-exec-8] o.a.i.l.jdbc.BaseJdbcLogger:159  DEBUG - ==>  Preparing: SELECT * FROM calvin_user WHERE email=? 
2019-07-25 20:08:01.498 [http-nio-8080-exec-8] o.a.i.l.jdbc.BaseJdbcLogger:159  DEBUG - ==> Parameters: example9@etekcity.com.cn(String)
2019-07-25 20:08:01.499 [http-nio-8080-exec-8] o.a.i.l.jdbc.BaseJdbcLogger:159  DEBUG - <==      Total: 1
2019-07-25 20:08:50.453 [main] o.s.boot.StartupInfoLogger:50   INFO  - Starting Application on XZ-133BKH459LTG with PID 14300 (E:\springbootProject\calvinye-usermanagement\target\classes started by Calvin Ye in E:\springbootProject\calvinye-usermanagement)
2019-07-25 20:08:50.455 [main] o.s.boot.StartupInfoLogger:53   DEBUG - Running with Spring Boot v2.1.6.RELEASE, Spring v5.1.8.RELEASE
2019-07-25 20:08:50.456 [main] o.s.boot.SpringApplication:646  INFO  - No active profile set, falling back to default profiles: default
2019-07-25 20:08:51.853 [main] o.s.boot.StartupInfoLogger:59   INFO  - Started Application in 1.564 seconds (JVM running for 2.099)
2019-07-25 20:09:00.667 [http-nio-8080-exec-2] o.a.i.l.jdbc.BaseJdbcLogger:159  DEBUG - ==>  Preparing: SELECT * FROM calvin_user WHERE email=? 
2019-07-25 20:09:00.681 [http-nio-8080-exec-2] o.a.i.l.jdbc.BaseJdbcLogger:159  DEBUG - ==> Parameters: example9@etekcity.com.cn(String)
2019-07-25 20:09:00.694 [http-nio-8080-exec-2] o.a.i.l.jdbc.BaseJdbcLogger:159  DEBUG - <==      Total: 1
2019-07-25 20:11:23.533 [main] o.s.boot.StartupInfoLogger:50   INFO  - Starting Application on XZ-133BKH459LTG with PID 16616 (E:\springbootProject\calvinye-usermanagement\target\classes started by Calvin Ye in E:\springbootProject\calvinye-usermanagement)
2019-07-25 20:11:23.535 [main] o.s.boot.StartupInfoLogger:53   DEBUG - Running with Spring Boot v2.1.6.RELEASE, Spring v5.1.8.RELEASE
2019-07-25 20:11:23.535 [main] o.s.boot.SpringApplication:646  INFO  - No active profile set, falling back to default profiles: default
2019-07-25 20:11:24.933 [main] o.s.boot.StartupInfoLogger:59   INFO  - Started Application in 1.565 seconds (JVM running for 2.109)
2019-07-25 20:11:29.559 [http-nio-8080-exec-1] o.a.i.l.jdbc.BaseJdbcLogger:159  DEBUG - ==>  Preparing: SELECT * FROM calvin_user WHERE email=? 
2019-07-25 20:11:29.572 [http-nio-8080-exec-1] o.a.i.l.jdbc.BaseJdbcLogger:159  DEBUG - ==> Parameters: example9@etekcity.com.cn(String)
2019-07-25 20:11:29.586 [http-nio-8080-exec-1] o.a.i.l.jdbc.BaseJdbcLogger:159  DEBUG - <==      Total: 1
2019-07-25 20:18:43.916 [main] o.s.boot.StartupInfoLogger:50   INFO  - Starting Application on XZ-133BKH459LTG with PID 18012 (E:\springbootProject\calvinye-usermanagement\target\classes started by Calvin Ye in E:\springbootProject\calvinye-usermanagement)
2019-07-25 20:18:43.918 [main] o.s.boot.StartupInfoLogger:53   DEBUG - Running with Spring Boot v2.1.6.RELEASE, Spring v5.1.8.RELEASE
2019-07-25 20:18:43.918 [main] o.s.boot.SpringApplication:646  INFO  - No active profile set, falling back to default profiles: default
2019-07-25 20:18:45.345 [main] o.s.boot.StartupInfoLogger:59   INFO  - Started Application in 1.597 seconds (JVM running for 2.149)
2019-07-25 20:18:52.707 [http-nio-8080-exec-2] o.a.i.l.jdbc.BaseJdbcLogger:159  DEBUG - ==>  Preparing: SELECT * FROM calvin_user WHERE email=? 
2019-07-25 20:18:52.721 [http-nio-8080-exec-2] o.a.i.l.jdbc.BaseJdbcLogger:159  DEBUG - ==> Parameters: example9@etekcity.com.cn(String)
2019-07-25 20:18:52.734 [http-nio-8080-exec-2] o.a.i.l.jdbc.BaseJdbcLogger:159  DEBUG - <==      Total: 1
