2019-07-29 16:35:31.476 [main] o.s.boot.StartupInfoLogger:50   INFO  - Starting Application on XZ-133BKH459LTG with PID 4780 (E:\springbootProject\calvinye-usermanagement\target\classes started by Calvin Ye in E:\springbootProject\calvinye-usermanagement)
2019-07-29 16:35:31.479 [main] o.s.boot.StartupInfoLogger:53   DEBUG - Running with Spring Boot v2.1.6.RELEASE, Spring v5.1.8.RELEASE
2019-07-29 16:35:31.480 [main] o.s.boot.SpringApplication:646  INFO  - No active profile set, falling back to default profiles: default
2019-07-29 16:35:32.854 [main] o.s.boot.StartupInfoLogger:59   INFO  - Started Application in 1.545 seconds (JVM running for 2.172)
2019-07-29 16:36:39.854 [http-nio-8080-exec-4] o.a.i.l.jdbc.BaseJdbcLogger:159  DEBUG - ==>  Preparing: SELECT * FROM calvin_user WHERE user_id=? 
2019-07-29 16:36:39.867 [http-nio-8080-exec-4] o.a.i.l.jdbc.BaseJdbcLogger:159  DEBUG - ==> Parameters: 9fa6bca6-51b1-4510-bd4b-402123d48c05(String)
2019-07-29 16:36:39.881 [http-nio-8080-exec-4] o.a.i.l.jdbc.BaseJdbcLogger:159  DEBUG - <==      Total: 1
2019-07-29 16:39:58.126 [main] o.s.boot.StartupInfoLogger:50   INFO  - Starting Application on XZ-133BKH459LTG with PID 12560 (E:\springbootProject\calvinye-usermanagement\target\classes started by Calvin Ye in E:\springbootProject\calvinye-usermanagement)
2019-07-29 16:39:58.128 [main] o.s.boot.StartupInfoLogger:53   DEBUG - Running with Spring Boot v2.1.6.RELEASE, Spring v5.1.8.RELEASE
2019-07-29 16:39:58.128 [main] o.s.boot.SpringApplication:646  INFO  - No active profile set, falling back to default profiles: default
2019-07-29 16:39:59.483 [main] o.s.boot.StartupInfoLogger:59   INFO  - Started Application in 1.529 seconds (JVM running for 2.095)
2019-07-29 16:40:40.012 [http-nio-8080-exec-9] o.a.i.l.jdbc.BaseJdbcLogger:159  DEBUG - ==>  Preparing: UPDATE calvin_user SET nickname=?,update_at? WHERE user_id=? 
2019-07-29 16:40:40.026 [http-nio-8080-exec-9] o.a.i.l.jdbc.BaseJdbcLogger:159  DEBUG - ==> Parameters: 9999(String), 2019-07-29T16:40:39+0800(String), 9fa6bca6-51b1-4510-bd4b-402123d48c05(String)
2019-07-29 16:41:44.206 [http-nio-8080-exec-6] o.a.i.l.jdbc.BaseJdbcLogger:159  DEBUG - ==>  Preparing: UPDATE calvin_user SET nickname=?,update_at? WHERE user_id=? 
2019-07-29 16:41:44.207 [http-nio-8080-exec-6] o.a.i.l.jdbc.BaseJdbcLogger:159  DEBUG - ==> Parameters: 9999(String), 2019-07-29T16:41:44+0800(String), 9fa6bca6-51b1-4510-bd4b-402123d48c05(String)
2019-07-29 16:48:23.531 [http-nio-8080-exec-8] o.a.i.l.jdbc.BaseJdbcLogger:159  DEBUG - ==>  Preparing: UPDATE calvin_user SET address=?,update_at? WHERE user_id=? 
2019-07-29 16:48:23.531 [http-nio-8080-exec-8] o.a.i.l.jdbc.BaseJdbcLogger:159  DEBUG - ==> Parameters: qwert(String), 2019-07-29T16:48:23+0800(String), 9fa6bca6-51b1-4510-bd4b-402123d48c05(String)
2019-07-29 16:50:24.599 [main] o.s.boot.StartupInfoLogger:50   INFO  - Starting Application on XZ-133BKH459LTG with PID 3776 (E:\springbootProject\calvinye-usermanagement\target\classes started by Calvin Ye in E:\springbootProject\calvinye-usermanagement)
2019-07-29 16:50:24.601 [main] o.s.boot.StartupInfoLogger:53   DEBUG - Running with Spring Boot v2.1.6.RELEASE, Spring v5.1.8.RELEASE
2019-07-29 16:50:24.601 [main] o.s.boot.SpringApplication:646  INFO  - No active profile set, falling back to default profiles: default
2019-07-29 16:50:25.963 [main] o.s.boot.StartupInfoLogger:59   INFO  - Started Application in 1.533 seconds (JVM running for 2.092)
2019-07-29 16:50:30.464 [http-nio-8080-exec-5] o.a.i.l.jdbc.BaseJdbcLogger:159  DEBUG - ==>  Preparing: UPDATE calvin_user SET address=?,update_at=? WHERE user_id=? 
2019-07-29 16:50:30.481 [http-nio-8080-exec-5] o.a.i.l.jdbc.BaseJdbcLogger:159  DEBUG - ==> Parameters: qwert(String), 2019-07-29T16:50:30+0800(String), 9fa6bca6-51b1-4510-bd4b-402123d48c05(String)
2019-07-29 16:50:30.613 [http-nio-8080-exec-5] o.a.i.l.jdbc.BaseJdbcLogger:159  DEBUG - <==    Updates: 1
2019-07-29 16:50:30.614 [http-nio-8080-exec-5] o.a.i.l.jdbc.BaseJdbcLogger:159  DEBUG - ==>  Preparing: UPDATE calvin_user SET nickname=?,update_at? WHERE user_id=? 
2019-07-29 16:50:30.615 [http-nio-8080-exec-5] o.a.i.l.jdbc.BaseJdbcLogger:159  DEBUG - ==> Parameters: 9999(String), 2019-07-29T16:50:30+0800(String), 9fa6bca6-51b1-4510-bd4b-402123d48c05(String)
2019-07-29 16:50:49.255 [main] o.s.boot.StartupInfoLogger:50   INFO  - Starting Application on XZ-133BKH459LTG with PID 18372 (E:\springbootProject\calvinye-usermanagement\target\classes started by Calvin Ye in E:\springbootProject\calvinye-usermanagement)
2019-07-29 16:50:49.256 [main] o.s.boot.StartupInfoLogger:53   DEBUG - Running with Spring Boot v2.1.6.RELEASE, Spring v5.1.8.RELEASE
2019-07-29 16:50:49.257 [main] o.s.boot.SpringApplication:646  INFO  - No active profile set, falling back to default profiles: default
2019-07-29 16:50:50.632 [main] o.s.boot.StartupInfoLogger:59   INFO  - Started Application in 1.548 seconds (JVM running for 2.104)
2019-07-29 16:50:54.801 [http-nio-8080-exec-2] o.a.i.l.jdbc.BaseJdbcLogger:159  DEBUG - ==>  Preparing: UPDATE calvin_user SET address=?,update_at=? WHERE user_id=? 
2019-07-29 16:50:54.816 [http-nio-8080-exec-2] o.a.i.l.jdbc.BaseJdbcLogger:159  DEBUG - ==> Parameters: qwert(String), 2019-07-29T16:50:54+0800(String), 9fa6bca6-51b1-4510-bd4b-402123d48c05(String)
2019-07-29 16:50:54.852 [http-nio-8080-exec-2] o.a.i.l.jdbc.BaseJdbcLogger:159  DEBUG - <==    Updates: 1
2019-07-29 16:50:54.854 [http-nio-8080-exec-2] o.a.i.l.jdbc.BaseJdbcLogger:159  DEBUG - ==>  Preparing: UPDATE calvin_user SET nickname=?,update_at=? WHERE user_id=? 
2019-07-29 16:50:54.854 [http-nio-8080-exec-2] o.a.i.l.jdbc.BaseJdbcLogger:159  DEBUG - ==> Parameters: 9999(String), 2019-07-29T16:50:54+0800(String), 9fa6bca6-51b1-4510-bd4b-402123d48c05(String)
2019-07-29 16:50:54.878 [http-nio-8080-exec-2] o.a.i.l.jdbc.BaseJdbcLogger:159  DEBUG - <==    Updates: 1
2019-07-29 16:51:37.352 [http-nio-8080-exec-6] o.a.i.l.jdbc.BaseJdbcLogger:159  DEBUG - ==>  Preparing: UPDATE calvin_user SET nickname=?,update_at=? WHERE user_id=? 
2019-07-29 16:51:37.353 [http-nio-8080-exec-6] o.a.i.l.jdbc.BaseJdbcLogger:159  DEBUG - ==> Parameters: 99990(String), 2019-07-29T16:51:37+0800(String), 9fa6bca6-51b1-4510-bd4b-402123d48c05(String)
2019-07-29 16:51:37.391 [http-nio-8080-exec-6] o.a.i.l.jdbc.BaseJdbcLogger:159  DEBUG - <==    Updates: 1
2019-07-29 16:51:55.943 [http-nio-8080-exec-4] o.a.i.l.jdbc.BaseJdbcLogger:159  DEBUG - ==>  Preparing: UPDATE calvin_user SET address=?,update_at=? WHERE user_id=? 
2019-07-29 16:51:55.944 [http-nio-8080-exec-4] o.a.i.l.jdbc.BaseJdbcLogger:159  DEBUG - ==> Parameters: qwertttttt(String), 2019-07-29T16:51:55+0800(String), 9fa6bca6-51b1-4510-bd4b-402123d48c05(String)
2019-07-29 16:51:55.991 [http-nio-8080-exec-4] o.a.i.l.jdbc.BaseJdbcLogger:159  DEBUG - <==    Updates: 1
2019-07-29 16:52:57.429 [http-nio-8080-exec-3] o.a.i.l.jdbc.BaseJdbcLogger:159  DEBUG - ==>  Preparing: UPDATE calvin_user SET address=?,update_at=? WHERE user_id=? 
2019-07-29 16:52:57.430 [http-nio-8080-exec-3] o.a.i.l.jdbc.BaseJdbcLogger:159  DEBUG - ==> Parameters: qwertttttt1(String), 2019-07-29T16:52:57+0800(String), 9fa6bca6-51b1-4510-bd4b-402123d48c05(String)
2019-07-29 16:52:57.470 [http-nio-8080-exec-3] o.a.i.l.jdbc.BaseJdbcLogger:159  DEBUG - <==    Updates: 1
2019-07-29 16:52:57.470 [http-nio-8080-exec-3] o.a.i.l.jdbc.BaseJdbcLogger:159  DEBUG - ==>  Preparing: UPDATE calvin_user SET nickname=?,update_at=? WHERE user_id=? 
2019-07-29 16:52:57.471 [http-nio-8080-exec-3] o.a.i.l.jdbc.BaseJdbcLogger:159  DEBUG - ==> Parameters: 999900(String), 2019-07-29T16:52:57+0800(String), 9fa6bca6-51b1-4510-bd4b-402123d48c05(String)
2019-07-29 16:52:57.545 [http-nio-8080-exec-3] o.a.i.l.jdbc.BaseJdbcLogger:159  DEBUG - <==    Updates: 1
