2019-07-29 13:07:23.626 [main] o.s.boot.StartupInfoLogger:50   INFO  - Starting Application on XZ-133BKH459LTG with PID 15436 (E:\springbootProject\calvinye-usermanagement\target\classes started by Calvin Ye in E:\springbootProject\calvinye-usermanagement)
2019-07-29 13:07:23.629 [main] o.s.boot.StartupInfoLogger:53   DEBUG - Running with Spring Boot v2.1.6.RELEASE, Spring v5.1.8.RELEASE
2019-07-29 13:07:23.630 [main] o.s.boot.SpringApplication:646  INFO  - No active profile set, falling back to default profiles: default
2019-07-29 13:07:40.955 [main] o.s.boot.StartupInfoLogger:50   INFO  - Starting Application on XZ-133BKH459LTG with PID 2176 (E:\springbootProject\calvinye-usermanagement\target\classes started by Calvin Ye in E:\springbootProject\calvinye-usermanagement)
2019-07-29 13:07:40.957 [main] o.s.boot.StartupInfoLogger:53   DEBUG - Running with Spring Boot v2.1.6.RELEASE, Spring v5.1.8.RELEASE
2019-07-29 13:07:40.958 [main] o.s.boot.SpringApplication:646  INFO  - No active profile set, falling back to default profiles: default
2019-07-29 13:07:58.485 [main] o.s.boot.StartupInfoLogger:50   INFO  - Starting Application on XZ-133BKH459LTG with PID 14064 (E:\springbootProject\calvinye-usermanagement\target\classes started by Calvin Ye in E:\springbootProject\calvinye-usermanagement)
2019-07-29 13:07:58.487 [main] o.s.boot.StartupInfoLogger:53   DEBUG - Running with Spring Boot v2.1.6.RELEASE, Spring v5.1.8.RELEASE
2019-07-29 13:07:58.488 [main] o.s.boot.SpringApplication:646  INFO  - No active profile set, falling back to default profiles: default
2019-07-29 13:10:35.802 [main] o.s.boot.StartupInfoLogger:50   INFO  - Starting Application on XZ-133BKH459LTG with PID 15596 (E:\springbootProject\calvinye-usermanagement\target\classes started by Calvin Ye in E:\springbootProject\calvinye-usermanagement)
2019-07-29 13:10:35.804 [main] o.s.boot.StartupInfoLogger:53   DEBUG - Running with Spring Boot v2.1.6.RELEASE, Spring v5.1.8.RELEASE
2019-07-29 13:10:35.804 [main] o.s.boot.SpringApplication:646  INFO  - No active profile set, falling back to default profiles: default
2019-07-29 13:11:04.219 [main] o.s.boot.StartupInfoLogger:50   INFO  - Starting Application on XZ-133BKH459LTG with PID 15896 (E:\springbootProject\calvinye-usermanagement\target\classes started by Calvin Ye in E:\springbootProject\calvinye-usermanagement)
2019-07-29 13:11:04.221 [main] o.s.boot.StartupInfoLogger:53   DEBUG - Running with Spring Boot v2.1.6.RELEASE, Spring v5.1.8.RELEASE
2019-07-29 13:11:04.221 [main] o.s.boot.SpringApplication:646  INFO  - No active profile set, falling back to default profiles: default
2019-07-29 13:12:52.792 [main] o.s.boot.StartupInfoLogger:50   INFO  - Starting Application on XZ-133BKH459LTG with PID 9364 (E:\springbootProject\calvinye-usermanagement\target\classes started by Calvin Ye in E:\springbootProject\calvinye-usermanagement)
2019-07-29 13:12:52.794 [main] o.s.boot.StartupInfoLogger:53   DEBUG - Running with Spring Boot v2.1.6.RELEASE, Spring v5.1.8.RELEASE
2019-07-29 13:12:52.794 [main] o.s.boot.SpringApplication:646  INFO  - No active profile set, falling back to default profiles: default
2019-07-29 13:23:10.437 [main] o.s.boot.StartupInfoLogger:50   INFO  - Starting Application on XZ-133BKH459LTG with PID 5520 (E:\springbootProject\calvinye-usermanagement\target\classes started by Calvin Ye in E:\springbootProject\calvinye-usermanagement)
2019-07-29 13:23:10.439 [main] o.s.boot.StartupInfoLogger:53   DEBUG - Running with Spring Boot v2.1.6.RELEASE, Spring v5.1.8.RELEASE
2019-07-29 13:23:10.439 [main] o.s.boot.SpringApplication:646  INFO  - No active profile set, falling back to default profiles: default
2019-07-29 13:26:40.414 [main] o.s.boot.StartupInfoLogger:50   INFO  - Starting Application on XZ-133BKH459LTG with PID 17792 (E:\springbootProject\calvinye-usermanagement\target\classes started by Calvin Ye in E:\springbootProject\calvinye-usermanagement)
2019-07-29 13:26:40.416 [main] o.s.boot.StartupInfoLogger:53   DEBUG - Running with Spring Boot v2.1.6.RELEASE, Spring v5.1.8.RELEASE
2019-07-29 13:26:40.416 [main] o.s.boot.SpringApplication:646  INFO  - No active profile set, falling back to default profiles: default
2019-07-29 13:26:41.736 [main] o.s.boot.StartupInfoLogger:59   INFO  - Started Application in 1.491 seconds (JVM running for 2.05)
2019-07-29 13:32:45.473 [http-nio-8080-exec-2] o.a.i.l.jdbc.BaseJdbcLogger:159  DEBUG - ==>  Preparing: SELECT * FROM calvin_user WHERE user_id=? 
2019-07-29 13:32:45.487 [http-nio-8080-exec-2] o.a.i.l.jdbc.BaseJdbcLogger:159  DEBUG - ==> Parameters: 9fa6bca6-51b1-4510-bd4b-402123d48c05(String)
2019-07-29 13:32:45.539 [http-nio-8080-exec-2] o.a.i.l.jdbc.BaseJdbcLogger:159  DEBUG - <==      Total: 1
2019-07-29 13:37:52.812 [http-nio-8080-exec-9] o.a.i.l.jdbc.BaseJdbcLogger:159  DEBUG - ==>  Preparing: SELECT * FROM calvin_user WHERE user_id=? 
2019-07-29 13:37:52.813 [http-nio-8080-exec-9] o.a.i.l.jdbc.BaseJdbcLogger:159  DEBUG - ==> Parameters: 9fa6bca6-51b1-4510-bd4b-402123d48c05(String)
2019-07-29 13:37:52.815 [http-nio-8080-exec-9] o.a.i.l.jdbc.BaseJdbcLogger:159  DEBUG - <==      Total: 1
2019-07-29 13:51:54.223 [main] o.s.boot.StartupInfoLogger:50   INFO  - Starting Application on XZ-133BKH459LTG with PID 17856 (E:\springbootProject\calvinye-usermanagement\target\classes started by Calvin Ye in E:\springbootProject\calvinye-usermanagement)
2019-07-29 13:51:54.224 [main] o.s.boot.StartupInfoLogger:53   DEBUG - Running with Spring Boot v2.1.6.RELEASE, Spring v5.1.8.RELEASE
2019-07-29 13:51:54.225 [main] o.s.boot.SpringApplication:646  INFO  - No active profile set, falling back to default profiles: default
2019-07-29 13:51:55.616 [main] o.s.boot.StartupInfoLogger:59   INFO  - Started Application in 1.57 seconds (JVM running for 2.153)
2019-07-29 13:52:02.954 [http-nio-8080-exec-2] o.a.i.l.jdbc.BaseJdbcLogger:159  DEBUG - ==>  Preparing: SELECT * FROM calvin_user WHERE email=? 
2019-07-29 13:52:02.969 [http-nio-8080-exec-2] o.a.i.l.jdbc.BaseJdbcLogger:159  DEBUG - ==> Parameters: example9@etekcity.com.cn(String)
2019-07-29 13:52:02.983 [http-nio-8080-exec-2] o.a.i.l.jdbc.BaseJdbcLogger:159  DEBUG - <==      Total: 1
2019-07-29 13:53:38.995 [main] o.s.boot.StartupInfoLogger:50   INFO  - Starting Application on XZ-133BKH459LTG with PID 5016 (E:\springbootProject\calvinye-usermanagement\target\classes started by Calvin Ye in E:\springbootProject\calvinye-usermanagement)
2019-07-29 13:53:38.997 [main] o.s.boot.StartupInfoLogger:53   DEBUG - Running with Spring Boot v2.1.6.RELEASE, Spring v5.1.8.RELEASE
2019-07-29 13:53:38.997 [main] o.s.boot.SpringApplication:646  INFO  - No active profile set, falling back to default profiles: default
2019-07-29 13:53:40.387 [main] o.s.boot.StartupInfoLogger:59   INFO  - Started Application in 1.568 seconds (JVM running for 2.154)
2019-07-29 13:53:45.248 [http-nio-8080-exec-1] o.a.i.l.jdbc.BaseJdbcLogger:159  DEBUG - ==>  Preparing: SELECT * FROM calvin_user WHERE email=? 
2019-07-29 13:53:45.263 [http-nio-8080-exec-1] o.a.i.l.jdbc.BaseJdbcLogger:159  DEBUG - ==> Parameters: example9@etekcity.com.cn(String)
2019-07-29 13:53:45.289 [http-nio-8080-exec-1] o.a.i.l.jdbc.BaseJdbcLogger:159  DEBUG - <==      Total: 1
2019-07-29 13:54:14.150 [http-nio-8080-exec-8] o.a.i.l.jdbc.BaseJdbcLogger:159  DEBUG - ==>  Preparing: SELECT * FROM calvin_user WHERE email=? 
2019-07-29 13:54:14.151 [http-nio-8080-exec-8] o.a.i.l.jdbc.BaseJdbcLogger:159  DEBUG - ==> Parameters: example9@etekcity.com.cn(String)
2019-07-29 13:54:14.153 [http-nio-8080-exec-8] o.a.i.l.jdbc.BaseJdbcLogger:159  DEBUG - <==      Total: 1
2019-07-29 13:56:57.637 [http-nio-8080-exec-3] o.a.i.l.jdbc.BaseJdbcLogger:159  DEBUG - ==>  Preparing: SELECT * FROM calvin_user WHERE user_id=? 
2019-07-29 13:56:57.637 [http-nio-8080-exec-3] o.a.i.l.jdbc.BaseJdbcLogger:159  DEBUG - ==> Parameters: 9fa6bca6-51b1-4510-bd4b-402123d48c05(String)
2019-07-29 13:56:57.638 [http-nio-8080-exec-3] o.a.i.l.jdbc.BaseJdbcLogger:159  DEBUG - <==      Total: 1
